<?xml version="1.0" encoding="UTF-8" ?>
<testsuite tests="9" failures="0" name="TestSuite" time="2.257" errors="0" skipped="0">
  <properties>
    <property name="java.runtime.name" value="OpenJDK Runtime Environment"/>
    <property name="java.vm.version" value="17.0.4+8"/>
    <property name="sun.boot.library.path" value="C:\Program Files\Eclipse Adoptium\jdk-17.0.4.8-hotspot\bin"/>
    <property name="maven.multiModuleProjectDirectory" value="C:\Users\andyp\Documents\GitHub\pulsario-custom-sink-connector"/>
    <property name="java.vm.vendor" value="Eclipse Adoptium"/>
    <property name="java.vendor.url" value="https://adoptium.net/"/>
    <property name="guice.disable.misplaced.annotation.check" value="true"/>
    <property name="path.separator" value=";"/>
    <property name="java.vm.name" value="OpenJDK 64-Bit Server VM"/>
    <property name="sun.os.patch.level" value=""/>
    <property name="user.script" value=""/>
    <property name="user.country" value="US"/>
    <property name="sun.java.launcher" value="SUN_STANDARD"/>
    <property name="java.vm.specification.name" value="Java Virtual Machine Specification"/>
    <property name="user.dir" value="C:\Users\andyp\Documents\GitHub\pulsario-custom-sink-connector"/>
    <property name="java.vm.compressedOopsMode" value="Zero based"/>
    <property name="java.runtime.version" value="17.0.4+8"/>
    <property name="os.arch" value="amd64"/>
    <property name="java.io.tmpdir" value="C:\Users\andyp\AppData\Local\Temp\"/>
    <property name="line.separator" value="
"/>
    <property name="java.vm.specification.vendor" value="Oracle Corporation"/>
    <property name="user.variant" value=""/>
    <property name="os.name" value="Windows 11"/>
    <property name="classworlds.conf" value="C:\Program Files\mvn\apache-maven-3.8.6\bin\m2.conf"/>
    <property name="sun.jnu.encoding" value="Cp1252"/>
    <property name="java.library.path" value="C:\Program Files\Eclipse Adoptium\jdk-17.0.4.8-hotspot\bin;C:\WINDOWS\Sun\Java\bin;C:\WINDOWS\system32;C:\WINDOWS;C:\Program Files\PowerShell\7;C:\Program Files\Eclipse Adoptium\jdk-17.0.4.8-hotspot\bin;C:\Program Files (x86)\Common Files\Oracle\Java\javapath;C:\Program Files\Docker\cli-plugins;C:\Windows\System32;C:\Program Files\Git\bin;C:\Program Files (x86)\Common Files\Oracle\Java\graalvm-ce-java11-windows-amd64-22.0.0.2\graalvm-ce-java11-22.0.0.2\bin;C:\Program Files (x86)\WinMerge;C:\Program Files\PowerShell\7\;C:\Program Files\Docker\Docker\resources\bin;C:\ProgramData\DockerDesktop\version-bin;C:\Windows\System32\WindowsPowerShell\v1.0\;C:\Program Files\Microsoft VS Code\bin;C:\Program Files\mvn\apache-maven-3.8.6\bin;C:\Users\andyp\AppData\Local\Microsoft\WindowsApps;C:\Users\andyp\AppData\Local\Programs\Microsoft VS Code\bin;C:\Users\andyp\AppData\Local\GitHubDesktop\bin;C:\Users\andyp\AppData\Local\Programs\mongosh\;C:\Windows\System32\WindowsPowerShell\v1.0\;C:\Program Files\mvn\apache-maven-3.8.6\bin;;."/>
    <property name="maven.conf" value="C:\Program Files\mvn\apache-maven-3.8.6/conf"/>
    <property name="jdk.debug" value="release"/>
    <property name="java.class.version" value="61.0"/>
    <property name="java.specification.name" value="Java Platform API Specification"/>
    <property name="sun.management.compiler" value="HotSpot 64-Bit Tiered Compilers"/>
    <property name="os.version" value="10.0"/>
    <property name="library.jansi.path" value="C:\Program Files\mvn\apache-maven-3.8.6\lib\jansi-native"/>
    <property name="user.home" value="C:\Users\andyp"/>
    <property name="user.timezone" value="America/Chicago"/>
    <property name="file.encoding" value="Cp1252"/>
    <property name="java.specification.version" value="17"/>
    <property name="user.name" value="andyp"/>
    <property name="java.class.path" value="C:\Program Files\mvn\apache-maven-3.8.6\boot\plexus-classworlds-2.6.0.jar"/>
    <property name="java.vm.specification.version" value="17"/>
    <property name="sun.arch.data.model" value="64"/>
    <property name="sun.java.command" value="org.codehaus.plexus.classworlds.launcher.Launcher clean package"/>
    <property name="java.home" value="C:\Program Files\Eclipse Adoptium\jdk-17.0.4.8-hotspot"/>
    <property name="user.language" value="en"/>
    <property name="java.specification.vendor" value="Oracle Corporation"/>
    <property name="java.vm.info" value="mixed mode, sharing"/>
    <property name="java.version" value="17.0.4"/>
    <property name="native.encoding" value="Cp1252"/>
    <property name="java.vendor" value="Eclipse Adoptium"/>
    <property name="sun.stderr.encoding" value="cp437"/>
    <property name="maven.home" value="C:\Program Files\mvn\apache-maven-3.8.6"/>
    <property name="file.separator" value="\"/>
    <property name="java.version.date" value="2022-07-19"/>
    <property name="java.vendor.url.bug" value="https://github.com/adoptium/adoptium-support/issues"/>
    <property name="sun.io.unicode.encoding" value="UnicodeLittle"/>
    <property name="sun.cpu.endian" value="little"/>
    <property name="java.vendor.version" value="Temurin-17.0.4+8"/>
    <property name="sun.stdout.encoding" value="cp437"/>
    <property name="sun.cpu.isalist" value="amd64"/>
  </properties>
  <testcase classname="org.apache.pulsar.io.elasticsearch.client.RestClientFactoryTest" name="testCompatibilityMode" time="0.834"/>
  <testcase classname="org.apache.pulsar.io.elasticsearch.IndexNameFormatterTest" name="testIndexFormats" time="1.39"/>
  <testcase classname="org.apache.pulsar.io.elasticsearch.IndexNameFormatterTest" name="testIndexFormats" time="0"/>
  <testcase classname="org.apache.pulsar.io.elasticsearch.IndexNameFormatterTest" name="testIndexFormats" time="0.015"/>
  <testcase classname="org.apache.pulsar.io.elasticsearch.IndexNameFormatterTest" name="testIndexFormats" time="0.002"/>
  <testcase classname="org.apache.pulsar.io.elasticsearch.IndexNameFormatterTest" name="testIndexFormats" time="0.001"/>
  <testcase classname="org.apache.pulsar.io.elasticsearch.IndexNameFormatterTest" name="testIndexFormats" time="0.002"/>
  <testcase classname="org.apache.pulsar.io.elasticsearch.IndexNameFormatterTest" name="testIndexFormats" time="0.002"/>
  <testcase classname="org.apache.pulsar.io.elasticsearch.IndexNameFormatterTest" name="testIndexFormats" time="0.011"/>
</testsuite>