<?xml version="1.0" encoding="UTF-8"?>
<!-- Generated by org.testng.reporters.JUnitReportReporter -->
<testsuite hostname="ADIKA" failures="0" tests="8" name="org.apache.pulsar.io.elasticsearch.IndexNameFormatterTest" time="1.422" errors="0" timestamp="2022-08-19T21:36:49 CDT" skipped="0">
  <testcase classname="org.apache.pulsar.io.elasticsearch.IndexNameFormatterTest" name="testIndexFormats" time="0.002"/>
  <system-out/>
  <testcase classname="org.apache.pulsar.io.elasticsearch.IndexNameFormatterTest" name="testIndexFormats" time="0.001"/>
  <system-out/>
  <testcase classname="org.apache.pulsar.io.elasticsearch.IndexNameFormatterTest" name="testIndexFormats" time="1.390"/>
  <system-out/>
  <testcase classname="org.apache.pulsar.io.elasticsearch.IndexNameFormatterTest" name="testIndexFormats" time="0.002"/>
  <system-out/>
  <testcase classname="org.apache.pulsar.io.elasticsearch.IndexNameFormatterTest" name="testIndexFormats" time="0.001"/>
  <system-out/>
  <testcase classname="org.apache.pulsar.io.elasticsearch.IndexNameFormatterTest" name="testIndexFormats" time="0.002"/>
  <system-out/>
  <testcase classname="org.apache.pulsar.io.elasticsearch.IndexNameFormatterTest" name="testIndexFormats" time="0.015"/>
  <system-out/>
  <testcase classname="org.apache.pulsar.io.elasticsearch.IndexNameFormatterTest" name="testIndexFormats" time="0.009"/>
  <system-out/>
</testsuite> <!-- org.apache.pulsar.io.elasticsearch.IndexNameFormatterTest -->
