<?xml version="1.0" encoding="UTF-8"?>
<!-- Generated by org.testng.reporters.JUnitReportReporter -->
<testsuite hostname="ADIKA" failures="0" tests="1" name="org.apache.pulsar.io.elasticsearch.client.RestClientFactoryTest" time="0.834" errors="0" timestamp="2022-08-19T21:36:49 CDT" skipped="0">
  <testcase classname="org.apache.pulsar.io.elasticsearch.client.RestClientFactoryTest" name="testCompatibilityMode" time="0.834"/>
  <system-out/>
</testsuite> <!-- org.apache.pulsar.io.elasticsearch.client.RestClientFactoryTest -->
